Step: build-step-git-source-jstrachan-nodey111-master-v5885:

{"level":"warn","ts":1561718774.3715956,"logger":"fallback-logger","caller":"logging/config.go:65","msg":"Fetch GitHub commit ID from kodata failed: \"ref: refs/heads/master\" is not a valid GitHub commit ID"}
{"level":"info","ts":1561718775.680349,"logger":"fallback-logger","caller":"git/git.go:102","msg":"Successfully cloned https://github.com/jstrachan/nodey111 @ v0.0.2 in path /workspace/source"}
Step: build-step-git-merge:

Warning failed to load version: failed to parse version -dev+9e73adc0b: No Major.Minor.Patch elements found
time="2019-06-28T10:46:15Z" level=info msg="got "
Using SHAs from PULL_REFS=master:
time="2019-06-28T10:46:15Z" level=warning msg="no SHAs to merge, falling back to initial cloned commit"
Step: build-step-setup-**-git-credentials:

{"level":"info","msg":"Generated Git credentials file /workspace/xdg_config/git/credentials\n","time":"2019-06-28T10:46:16Z"}
Step: build-step-build-npmrc:

WARNING: failed to find Secret npm-token in namespace **
Step: build-step-build-npm-install:

npm notice created a lockfile as package-lock.json. You should commit this file.
npm WARN REPLACE_ME@1.0.0 No repository field.
npm WARN REPLACE_ME@1.0.0 No license field.

up to date in 0.378s
found 0 vulnerabilities

Step: build-step-build-npm-test:


> REPLACE_ME@1.0.0 test /workspace/source
> echo "no test specified" && exit 0

no test specified
Step: build-step-build-container-build:

[36mINFO[0m[0000] Downloading base image node:9-slim           
ERROR: logging before flag.Parse: E0628 10:46:19.967209       9 metadata.go:142] while reading 'google-dockercfg' metadata: http status code: 404 while fetching url http://metadata.google.internal./computeMetadata/v1/instance/attributes/google-dockercfg
ERROR: logging before flag.Parse: E0628 10:46:19.972076       9 metadata.go:159] while reading 'google-dockercfg-url' metadata: http status code: 404 while fetching url http://metadata.google.internal./computeMetadata/v1/instance/attributes/google-dockercfg-url
2019/06/28 10:46:19 No matching credentials were found, falling back on anonymous
[36mINFO[0m[0001] Error while retrieving image from cache: getting file info: stat /workspace/sha256:0e0175bbe4f8d9d104590d8d2c591017874e30977cb71aaff1cf6fa99479575c: no such file or directory 
[36mINFO[0m[0001] Downloading base image node:9-slim           
2019/06/28 10:46:21 No matching credentials were found, falling back on anonymous
[36mINFO[0m[0002] Executing 0 build triggers                   
[36mINFO[0m[0002] cmd: EXPOSE                                  
[36mINFO[0m[0002] Adding exposed port: 8080/tcp                
[36mINFO[0m[0002] Using files from context: [/workspace/source] 
[36mINFO[0m[0002] Skipping unpacking as no commands require it. 
[36mINFO[0m[0002] Taking snapshot of full filesystem...        
[36mINFO[0m[0002] ENV PORT 8080                                
[36mINFO[0m[0002] No files changed in this command, skipping snapshotting. 
[36mINFO[0m[0002] EXPOSE 8080                                  
[36mINFO[0m[0002] cmd: EXPOSE                                  
[36mINFO[0m[0002] Adding exposed port: 8080/tcp                
[36mINFO[0m[0002] No files changed in this command, skipping snapshotting. 
[36mINFO[0m[0002] WORKDIR /usr/src/app                         
[36mINFO[0m[0002] cmd: workdir                                 
[36mINFO[0m[0002] Changed working directory to /usr/src/app    
[36mINFO[0m[0002] Creating directory /usr/src/app              
[36mINFO[0m[0002] Taking snapshot of files...                  
[36mINFO[0m[0002] Using files from context: [/workspace/source] 
[36mINFO[0m[0002] COPY . .                                     
[36mINFO[0m[0002] Taking snapshot of files...                  
[36mINFO[0m[0002] CMD ["npm", "start"]                         
[36mINFO[0m[0002] No files changed in this command, skipping snapshotting. 
2019/06/28 10:46:22 pushed blob: sha256:e2cc305eb1e3d7dc8eeb60b6c066dabf4c73d65c354dfd5bb2b643273f59388b
2019/06/28 10:46:22 pushed blob: sha256:f007d335d9f092e806b119730cfc6f202d067e0a5f444cfeb7ab4d7665bac0fe
2019/06/28 10:46:22 pushed blob: sha256:f0dc3dcbe05f711bdd54f868bfcd584ec8189ff44754004421de8723a6b47a62
2019/06/28 10:46:22 pushed blob: sha256:e01bd28a434b56ffd2a3fe9aa99b9b69aecca69904843edd30b1ee7150d79904
2019/06/28 10:46:22 pushed blob: sha256:7d083412657baa2dafba8d093034ef26f9ed2c90fb6ed95f76bb55aff03ed429
2019/06/28 10:46:22 pushed blob: sha256:196b8e3c919d5639193ba6c6e54774528942041bbc37606631a2250502985c3c
2019/06/28 10:46:23 pushed blob: sha256:a88538b9cd05cfa611e43a25582a95ad7879f6fa708b0386a26b71ee62235bb3
2019/06/28 10:46:23 pushed blob: sha256:5bba3ecb4cd6374a19da45f2a3db0a9c0804984358b3bb4b666c28944016e5ff
2019/06/28 10:46:23 10.0.41.239:5000/jenkins-x-infra/nodey111:0.0.2: digest: sha256:9651f340f765b2b0e02832db7ec5f15c6c81e35972db7434d1eae85bc535df4e size: 1404
Step: build-step-build-post-build:

{"level":"info","msg":"no CVE provider running in the current ** namespace so skip adding image to be analysed","time":"2019-06-28T10:46:24Z"}
Step: build-step-promote-changelog:

{"level":"info","msg":"Converted /workspace/source/charts/nodey111 to an unshallow repository\n","time":"2019-06-28T10:46:27Z"}
{"level":"info","msg":"Generating change log from git ref 42553f9d65a5047a043b3e0b55768ae884a0e4e5 =\u003e 886aa451307cf123f8eff6c1d0259fb0f3c5b842\n","time":"2019-06-28T10:46:27Z"}
{"level":"warning","msg":"Failed to enrich commits with issues: User.jenkins.io \"-0\" is invalid: metadata.name: Invalid value: \"-0\": a DNS-1123 subdomain must consist of lower case alphanumeric characters, '-' or '.', and must start and end with an alphanumeric character (e.g. 'example.com', regex used for validation is '[a-z0-9]([-a-z0-9]*[a-z0-9])?(\\.[a-z0-9]([-a-z0-9]*[a-z0-9])?)*')\n","time":"2019-06-28T10:46:27Z"}
{"level":"warning","msg":"Failed to enrich commits with issues: User.jenkins.io \"-0\" is invalid: metadata.name: Invalid value: \"-0\": a DNS-1123 subdomain must consist of lower case alphanumeric characters, '-' or '.', and must start and end with an alphanumeric character (e.g. 'example.com', regex used for validation is '[a-z0-9]([-a-z0-9]*[a-z0-9])?(\\.[a-z0-9]([-a-z0-9]*[a-z0-9])?)*')\n","time":"2019-06-28T10:46:27Z"}
{"level":"info","msg":"Finding issues in commit messages using git format\n","time":"2019-06-28T10:46:27Z"}
{"level":"warning","msg":"No release found for jstrachan/nodey111 and tag v0.0.2 so creating a new release\n","time":"2019-06-28T10:46:27Z"}
{"level":"info","msg":"Updated the release information at https://github.com/jstrachan/nodey111/releases/tag/v0.0.2\n","time":"2019-06-28T10:46:28Z"}
{"level":"info","msg":"generated: /workspace/source/charts/nodey111/templates/release.yaml\n","time":"2019-06-28T10:46:28Z"}
{"level":"info","msg":"Created Release nodey111-0-0-2 resource in namespace **\n","time":"2019-06-28T10:46:28Z"}
{"level":"info","msg":"Updating PipelineActivity jstrachan-nodey111-master-1 with version 0.0.2\n","time":"2019-06-28T10:46:28Z"}
{"level":"info","msg":"Updated PipelineActivities jstrachan-nodey111-master-1 with release notes URL: https://github.com/jstrachan/nodey111/releases/tag/v0.0.2\n","time":"2019-06-28T10:46:29Z"}
Step: build-step-promote-helm-release:

{"level":"warning","msg":"No $CHART_REPOSITORY defined so using the default value of: http://jenkins-x-chartmuseum:8080\n","time":"2019-06-28T10:46:29Z"}
{"level":"info","msg":"Adding missing Helm repo: chartmuseum.jenkins-x.io http://chartmuseum.jenkins-x.io\n","time":"2019-06-28T10:46:31Z"}
{"level":"info","msg":"Successfully added Helm repository chartmuseum.jenkins-x.io.\n","time":"2019-06-28T10:46:32Z"}
{"level":"info","msg":"Adding missing Helm repo: jenkins-x-chartmuseum:8080 http://jenkins-x-chartmuseum:8080\n","time":"2019-06-28T10:46:32Z"}
{"level":"info","msg":"Successfully added Helm repository jenkins-x-chartmuseum:8080.\n","time":"2019-06-28T10:46:32Z"}
{"level":"warning","msg":"No $CHART_REPOSITORY defined so using the default value of: http://jenkins-x-chartmuseum:8080\n","time":"2019-06-28T10:46:32Z"}
{"level":"info","msg":"Uploading chart file nodey111-0.0.2.tgz to http://jenkins-x-chartmuseum:8080/api/charts\n","time":"2019-06-28T10:46:32Z"}
{"level":"info","msg":"Received 201 response: {\"saved\":true}\n","time":"2019-06-28T10:46:32Z"}
Step: build-step-promote-**-promote:

{"level":"warning","msg":"prow based install so skip waiting for the merge of Pull Requests to go green as currently there is an issue with gettingstatuses from the PR, see https://github.com/jenkins-x/**/issues/2410","time":"2019-06-28T10:46:33Z"}
{"level":"info","msg":"Promoting app nodey111 version 0.0.2 to namespace **-staging\n","time":"2019-06-28T10:46:33Z"}
{"level":"info","msg":"Created Pull Request: https://github.com/cb-kubecd/environment-jstrachan-ad1-staging/pull/63\n\n","time":"2019-06-28T10:46:40Z"}
{"level":"info","msg":"Pull Request https://github.com/cb-kubecd/environment-jstrachan-ad1-staging/pull/63 is merged at sha f86d68f141b9832af01b2e37cee3e015a2759362\n","time":"2019-06-28T10:47:46Z"}
{"level":"info","msg":"Pull Request merged but we are not waiting for the update pipeline to complete!","time":"2019-06-28T10:47:46Z"}
{"level":"warning","msg":"Could not find the service URL in namespace **-staging for names nodey111, **-nodey111, **-staging-nodey111\n","time":"2019-06-28T10:47:46Z"}
