Step: build-step-git-source-jstrachan-environment-simple-te-2mtlj:

{"level":"warn","ts":1561720539.2344453,"logger":"fallback-logger","caller":"logging/config.go:65","msg":"Fetch GitHub commit ID from kodata failed: \"ref: refs/heads/master\" is not a valid GitHub commit ID"}
{"level":"info","ts":1561720540.588682,"logger":"fallback-logger","caller":"git/git.go:102","msg":"Successfully cloned https://github.com/jstrachan/environment-simple-tekton @ f3890ddfe27cd50efcb082c0d76a533bec02bae3 in path /workspace/source"}
Step: build-step-git-merge:

Warning failed to load version: failed to parse version -dev+9e73adc0b: No Major.Minor.Patch elements found
time="2019-06-28T11:15:41Z" level=info msg="got "
Using SHAs from PULL_REFS=master:8fe174c654d578174aaa39798d27d4ff117e56ab,3:f3890ddfe27cd50efcb082c0d76a533bec02bae3
ran git fetch --unshallow origin f3890ddfe27cd50efcb082c0d76a533bec02bae3: 8fe174c654d578174aaa39798d27d4ff117e56ab: in 
ran git checkout master in 
ran git reset --hard 8fe174c654d578174aaa39798d27d4ff117e56ab in 
ran clean --force -d . in 
ran git merge f3890ddfe27cd50efcb082c0d76a533bec02bae3 in 
Step: build-step-helm-build:

rm -rf charts
rm -rf requirements.lock
helm init --client-only
Creating /builder/home/.helm 
Creating /builder/home/.helm/repository 
Creating /builder/home/.helm/repository/cache 
Creating /builder/home/.helm/repository/local 
Creating /builder/home/.helm/plugins 
Creating /builder/home/.helm/starters 
Creating /builder/home/.helm/cache/archive 
Creating /builder/home/.helm/repository/repositories.yaml 
Adding stable repo with URL: https://kubernetes-charts.storage.googleapis.com 
Adding local repo with URL: http://127.0.0.1:8879/charts 
$HELM_HOME has been configured at /builder/home/.helm.
Not installing Tiller due to 'client-only' flag having been set
Happy Helming!
helm repo add jenkins-x http://chartmuseum.jenkins-x.io
"jenkins-x" has been added to your repositories
helm repo add bitnami https://charts.bitnami.com/bitnami
"bitnami" has been added to your repositories
helm repo add stable https://kubernetes-charts.storage.googleapis.com
"stable" has been added to your repositories
** step helm build
No $CHART_REPOSITORY defined so using the default value of: http://jenkins-x-chartmuseum:8080
Adding missing Helm repo: releases http://jenkins-x-chartmuseum:8080
Successfully added Helm repository releases.
error: failed to lint the chart '.': failed to run 'helm lint' command in directory '.', output: '==> Linting .
[INFO] values.yaml: file does not exist
[ERROR] templates/: render error in "env/templates/staging-repo.yaml": template: env/templates/staging-repo.yaml:1:14: executing "env/templates/staging-repo.yaml" at <.Values.gitops.stagi...>: can't evaluate field staging in type interface {}

Error: 1 chart(s) linted, 1 chart(s) failed': exit status 1
make: *** [build] Error 1
